2026-07-05 00:17:31.494 | ERROR   | app.middleware.logging:dispatch:33 | Request failed | POST /api/v1/auth/register | error=password cannot be longer than 72 bytes, truncate manually if necessary (e.g. my_password[:72]) | time=6.000s | id=4fef0562-c961-4dca-98cc-ad54206838dd
2026-07-05 00:17:31.496 | ERROR   | app.main:general_exception_handler:105 | Unhandled exception: password cannot be longer than 72 bytes, truncate manually if necessary (e.g. my_password[:72])
2026-07-05 00:23:23.620 | ERROR   | app.middleware.logging:dispatch:33 | Request failed | POST /api/v1/auth/register | error=(psycopg2.errors.UndefinedColumn) column user_roles.updated_at does not exist
LINE 1: ..., user_roles.created_at AS user_roles_created_at, user_roles...
                                                             ^
HINT:  Perhaps you meant to reference the column "user_roles.created_at".

[SQL: SELECT user_roles.user_id AS user_roles_user_id, user_roles.role_id AS user_roles_role_id, user_roles.granted_by AS user_roles_granted_by, user_roles.id AS user_roles_id, user_roles.created_at AS user_roles_created_at, user_roles.updated_at AS user_roles_updated_at 
FROM user_roles 
WHERE %(param_1)s::UUID = user_roles.user_id]
[parameters: {'param_1': '091d8a5f-f697-46fa-996e-8e288aee50f6'}]
(Background on this error at: https://sqlalche.me/e/20/f405) | time=7.911s | id=20596d49-e84d-47f4-939b-2ba528de24b6
2026-07-05 00:23:23.622 | ERROR   | app.main:general_exception_handler:105 | Unhandled exception: (psycopg2.errors.UndefinedColumn) column user_roles.updated_at does not exist
LINE 1: ..., user_roles.created_at AS user_roles_created_at, user_roles...
                                                             ^
HINT:  Perhaps you meant to reference the column "user_roles.created_at".

[SQL: SELECT user_roles.user_id AS user_roles_user_id, user_roles.role_id AS user_roles_role_id, user_roles.granted_by AS user_roles_granted_by, user_roles.id AS user_roles_id, user_roles.created_at AS user_roles_created_at, user_roles.updated_at AS user_roles_updated_at 
FROM user_roles 
WHERE %(param_1)s::UUID = user_roles.user_id]
[parameters: {'param_1': '091d8a5f-f697-46fa-996e-8e288aee50f6'}]
(Background on this error at: https://sqlalche.me/e/20/f405)
2026-07-05 00:28:05.903 | ERROR   | app.main:integrity_error_handler:81 | Database integrity error: (psycopg2.errors.UniqueViolation) duplicate key value violates unique constraint "users_username_key"
DETAIL:  Key (username)=(sajjad) already exists.

[SQL: INSERT INTO users (email, username, password_hash, email_verified, phone, is_active, is_superadmin, last_login_at, id, created_at, updated_at, deleted_at) VALUES (%(email)s, %(username)s, %(password_hash)s, %(email_verified)s, %(phone)s, %(is_active)s, %(is_superadmin)s, %(last_login_at)s, %(id)s::UUID, %(created_at)s, %(updated_at)s, %(deleted_at)s)]
[parameters: {'email': 'hassan@example.com', 'username': 'sajjad', 'password_hash': '$2b$12$K.O19ldZjnN1.oh9bJOuYOfOwJI69H/exB8eWT6AEnAmdwN0OlO42', 'email_verified': False, 'phone': None, 'is_active': True, 'is_superadmin': False, 'last_login_at': None, 'id': '8249401a-8257-4c4a-8d84-64fc22a02d90', 'created_at': datetime.datetime(2026, 7, 4, 19, 28, 5, 332762, tzinfo=datetime.timezone.utc), 'updated_at': datetime.datetime(2026, 7, 4, 19, 28, 5, 332762, tzinfo=datetime.timezone.utc), 'deleted_at': None}]
(Background on this error at: https://sqlalche.me/e/20/gkpj)
2026-07-05 00:28:29.321 | ERROR   | app.middleware.logging:dispatch:33 | Request failed | POST /api/v1/auth/register | error=1 validation error for UserResponse
created_at
  Input should be a valid string [type=string_type, input_value=datetime.datetime(2026, 7...o=datetime.timezone.utc), input_type=datetime]
    For further information visit https://errors.pydantic.dev/2.13/v/string_type | time=5.540s | id=deda9446-7f6a-478f-aac7-2356df2633a4
2026-07-05 00:28:29.321 | ERROR   | app.main:general_exception_handler:105 | Unhandled exception: 1 validation error for UserResponse
created_at
  Input should be a valid string [type=string_type, input_value=datetime.datetime(2026, 7...o=datetime.timezone.utc), input_type=datetime]
    For further information visit https://errors.pydantic.dev/2.13/v/string_type
2026-07-05 13:53:02.637 | ERROR   | app.middleware.logging:dispatch:33 | Request failed | POST /api/v1/auth/login | error=(psycopg2.OperationalError) connection to server at "db.gacxbyzjeitypzxgkxjs.supabase.co" (2406:da18:e5c:b700:dd69:1b52:e556:b206), port 5432 failed: Permission denied (0x0000271D/10013)
	Is the server running on that host and accepting TCP/IP connections?

(Background on this error at: https://sqlalche.me/e/20/e3q8) | time=1.402s | id=e2f06bf9-b3d0-4bdf-946d-ba68b179bd12
2026-07-05 13:53:02.641 | ERROR   | app.main:general_exception_handler:105 | Unhandled exception: (psycopg2.OperationalError) connection to server at "db.gacxbyzjeitypzxgkxjs.supabase.co" (2406:da18:e5c:b700:dd69:1b52:e556:b206), port 5432 failed: Permission denied (0x0000271D/10013)
	Is the server running on that host and accepting TCP/IP connections?

(Background on this error at: https://sqlalche.me/e/20/e3q8)
2026-07-05 14:03:02.699 | ERROR   | app.middleware.logging:dispatch:33 | Request failed | POST /api/v1/auth/login | error=(psycopg2.OperationalError) connection to server at "db.gacxbyzjeitypzxgkxjs.supabase.co" (2406:da18:e5c:b700:dd69:1b52:e556:b206), port 5432 failed: Permission denied (0x0000271D/10013)
	Is the server running on that host and accepting TCP/IP connections?

(Background on this error at: https://sqlalche.me/e/20/e3q8) | time=0.679s | id=53f53030-07b1-4cac-93ec-c9c45ce0e892
2026-07-05 14:03:02.701 | ERROR   | app.main:general_exception_handler:105 | Unhandled exception: (psycopg2.OperationalError) connection to server at "db.gacxbyzjeitypzxgkxjs.supabase.co" (2406:da18:e5c:b700:dd69:1b52:e556:b206), port 5432 failed: Permission denied (0x0000271D/10013)
	Is the server running on that host and accepting TCP/IP connections?

(Background on this error at: https://sqlalche.me/e/20/e3q8)
2026-07-05 14:03:11.934 | ERROR   | app.middleware.logging:dispatch:33 | Request failed | POST /api/v1/auth/login | error=(psycopg2.OperationalError) connection to server at "db.gacxbyzjeitypzxgkxjs.supabase.co" (2406:da18:e5c:b700:dd69:1b52:e556:b206), port 5432 failed: Permission denied (0x0000271D/10013)
	Is the server running on that host and accepting TCP/IP connections?

(Background on this error at: https://sqlalche.me/e/20/e3q8) | time=0.637s | id=38e8cc6f-01ef-45b6-98b9-648751f04dee
2026-07-05 14:03:11.935 | ERROR   | app.main:general_exception_handler:105 | Unhandled exception: (psycopg2.OperationalError) connection to server at "db.gacxbyzjeitypzxgkxjs.supabase.co" (2406:da18:e5c:b700:dd69:1b52:e556:b206), port 5432 failed: Permission denied (0x0000271D/10013)
	Is the server running on that host and accepting TCP/IP connections?

(Background on this error at: https://sqlalche.me/e/20/e3q8)
2026-07-05 14:09:13.969 | ERROR   | app.middleware.logging:dispatch:33 | Request failed | POST /api/v1/auth/login | error=(psycopg2.OperationalError) connection to server at "db.gacxbyzjeitypzxgkxjs.supabase.co" (2406:da18:e5c:b700:dd69:1b52:e556:b206), port 6543 failed: Permission denied (0x0000271D/10013)
	Is the server running on that host and accepting TCP/IP connections?

(Background on this error at: https://sqlalche.me/e/20/e3q8) | time=1.117s | id=ab12b72b-da09-4df0-8977-1abf28ea3e02
2026-07-05 14:09:13.972 | ERROR   | app.main:general_exception_handler:105 | Unhandled exception: (psycopg2.OperationalError) connection to server at "db.gacxbyzjeitypzxgkxjs.supabase.co" (2406:da18:e5c:b700:dd69:1b52:e556:b206), port 6543 failed: Permission denied (0x0000271D/10013)
	Is the server running on that host and accepting TCP/IP connections?

(Background on this error at: https://sqlalche.me/e/20/e3q8)
2026-07-05 14:30:04.921 | ERROR   | app.middleware.logging:dispatch:33 | Request failed | POST /api/v1/auth/login | error=(psycopg2.OperationalError) connection to server at "db.gacxbyzjeitypzxgkxjs.supabase.co" (2406:da18:e5c:b700:dd69:1b52:e556:b206), port 6543 failed: Permission denied (0x0000271D/10013)
	Is the server running on that host and accepting TCP/IP connections?

(Background on this error at: https://sqlalche.me/e/20/e3q8) | time=1.105s | id=7e9bd6bf-e81c-4c94-9459-a2c4f8cd51c9
2026-07-05 14:30:04.923 | ERROR   | app.main:general_exception_handler:105 | Unhandled exception: (psycopg2.OperationalError) connection to server at "db.gacxbyzjeitypzxgkxjs.supabase.co" (2406:da18:e5c:b700:dd69:1b52:e556:b206), port 6543 failed: Permission denied (0x0000271D/10013)
	Is the server running on that host and accepting TCP/IP connections?

(Background on this error at: https://sqlalche.me/e/20/e3q8)
2026-07-05 16:03:24.065 | ERROR   | app.middleware.logging:dispatch:33 | Request failed | GET /admin/calculators | error=Boolean value of this clause is not defined | time=0.033s | id=34d74bbb-c9a0-46a7-b263-e0528d8f122a
2026-07-05 16:03:24.070 | ERROR   | app.main:general_exception_handler:123 | Unhandled exception: Boolean value of this clause is not defined
2026-07-05 16:03:25.113 | ERROR   | app.middleware.logging:dispatch:33 | Request failed | GET /admin/calculators | error=Boolean value of this clause is not defined | time=0.025s | id=b63d0ea5-41ee-4003-82fe-d0a643468f5a
2026-07-05 16:03:25.114 | ERROR   | app.main:general_exception_handler:123 | Unhandled exception: Boolean value of this clause is not defined
2026-07-05 16:03:27.443 | ERROR   | app.middleware.logging:dispatch:33 | Request failed | GET /admin/calculators | error=Boolean value of this clause is not defined | time=0.016s | id=0e2bd871-0728-446e-9673-5cd31cc16454
2026-07-05 16:03:27.444 | ERROR   | app.main:general_exception_handler:123 | Unhandled exception: Boolean value of this clause is not defined
2026-07-05 16:03:51.235 | ERROR   | app.middleware.logging:dispatch:33 | Request failed | GET /admin/users/roles | error=(psycopg2.errors.InvalidTextRepresentation) invalid input syntax for type uuid: "roles"
LINE 3: WHERE users.id = 'roles'::UUID AND users.deleted_at IS NULL 
                         ^

[SQL: SELECT users.email AS users_email, users.username AS users_username, users.password_hash AS users_password_hash, users.email_verified AS users_email_verified, users.phone AS users_phone, users.is_active AS users_is_active, users.is_superadmin AS users_is_superadmin, users.last_login_at AS users_last_login_at, users.id AS users_id, users.created_at AS users_created_at, users.updated_at AS users_updated_at, users.deleted_at AS users_deleted_at, user_profiles_1.user_id AS user_profiles_1_user_id, user_profiles_1.display_name AS user_profiles_1_display_name, user_profiles_1.avatar_url AS user_profiles_1_avatar_url, user_profiles_1.bio AS user_profiles_1_bio, user_profiles_1.job_title AS user_profiles_1_job_title, user_profiles_1.company AS user_profiles_1_company, user_profiles_1.website_url AS user_profiles_1_website_url, user_profiles_1.social_links AS user_profiles_1_social_links, user_profiles_1.preferences AS user_profiles_1_preferences, user_profiles_1.timezone AS user_profiles_1_timezone, user_profiles_1.locale AS user_profiles_1_locale, user_profiles_1.id AS user_profiles_1_id, user_profiles_1.created_at AS user_profiles_1_created_at, user_profiles_1.updated_at AS user_profiles_1_updated_at, user_profiles_1.deleted_at AS user_profiles_1_deleted_at 
FROM users LEFT OUTER JOIN user_profiles AS user_profiles_1 ON users.id = user_profiles_1.user_id 
WHERE users.id = %(id_1)s::UUID AND users.deleted_at IS NULL 
 LIMIT %(param_1)s]
[parameters: {'id_1': 'roles', 'param_1': 1}]
(Background on this error at: https://sqlalche.me/e/20/9h9h) | time=0.038s | id=830b2ccd-a7a4-457b-8410-d069a3db8e65
2026-07-05 16:03:51.239 | ERROR   | app.main:general_exception_handler:123 | Unhandled exception: (psycopg2.errors.InvalidTextRepresentation) invalid input syntax for type uuid: "roles"
LINE 3: WHERE users.id = 'roles'::UUID AND users.deleted_at IS NULL 
                         ^

[SQL: SELECT users.email AS users_email, users.username AS users_username, users.password_hash AS users_password_hash, users.email_verified AS users_email_verified, users.phone AS users_phone, users.is_active AS users_is_active, users.is_superadmin AS users_is_superadmin, users.last_login_at AS users_last_login_at, users.id AS users_id, users.created_at AS users_created_at, users.updated_at AS users_updated_at, users.deleted_at AS users_deleted_at, user_profiles_1.user_id AS user_profiles_1_user_id, user_profiles_1.display_name AS user_profiles_1_display_name, user_profiles_1.avatar_url AS user_profiles_1_avatar_url, user_profiles_1.bio AS user_profiles_1_bio, user_profiles_1.job_title AS user_profiles_1_job_title, user_profiles_1.company AS user_profiles_1_company, user_profiles_1.website_url AS user_profiles_1_website_url, user_profiles_1.social_links AS user_profiles_1_social_links, user_profiles_1.preferences AS user_profiles_1_preferences, user_profiles_1.timezone AS user_profiles_1_timezone, user_profiles_1.locale AS user_profiles_1_locale, user_profiles_1.id AS user_profiles_1_id, user_profiles_1.created_at AS user_profiles_1_created_at, user_profiles_1.updated_at AS user_profiles_1_updated_at, user_profiles_1.deleted_at AS user_profiles_1_deleted_at 
FROM users LEFT OUTER JOIN user_profiles AS user_profiles_1 ON users.id = user_profiles_1.user_id 
WHERE users.id = %(id_1)s::UUID AND users.deleted_at IS NULL 
 LIMIT %(param_1)s]
[parameters: {'id_1': 'roles', 'param_1': 1}]
(Background on this error at: https://sqlalche.me/e/20/9h9h)
2026-07-05 16:03:52.273 | ERROR   | app.middleware.logging:dispatch:33 | Request failed | GET /admin/users/roles | error=(psycopg2.errors.InvalidTextRepresentation) invalid input syntax for type uuid: "roles"
LINE 3: WHERE users.id = 'roles'::UUID AND users.deleted_at IS NULL 
                         ^

[SQL: SELECT users.email AS users_email, users.username AS users_username, users.password_hash AS users_password_hash, users.email_verified AS users_email_verified, users.phone AS users_phone, users.is_active AS users_is_active, users.is_superadmin AS users_is_superadmin, users.last_login_at AS users_last_login_at, users.id AS users_id, users.created_at AS users_created_at, users.updated_at AS users_updated_at, users.deleted_at AS users_deleted_at, user_profiles_1.user_id AS user_profiles_1_user_id, user_profiles_1.display_name AS user_profiles_1_display_name, user_profiles_1.avatar_url AS user_profiles_1_avatar_url, user_profiles_1.bio AS user_profiles_1_bio, user_profiles_1.job_title AS user_profiles_1_job_title, user_profiles_1.company AS user_profiles_1_company, user_profiles_1.website_url AS user_profiles_1_website_url, user_profiles_1.social_links AS user_profiles_1_social_links, user_profiles_1.preferences AS user_profiles_1_preferences, user_profiles_1.timezone AS user_profiles_1_timezone, user_profiles_1.locale AS user_profiles_1_locale, user_profiles_1.id AS user_profiles_1_id, user_profiles_1.created_at AS user_profiles_1_created_at, user_profiles_1.updated_at AS user_profiles_1_updated_at, user_profiles_1.deleted_at AS user_profiles_1_deleted_at 
FROM users LEFT OUTER JOIN user_profiles AS user_profiles_1 ON users.id = user_profiles_1.user_id 
WHERE users.id = %(id_1)s::UUID AND users.deleted_at IS NULL 
 LIMIT %(param_1)s]
[parameters: {'id_1': 'roles', 'param_1': 1}]
(Background on this error at: https://sqlalche.me/e/20/9h9h) | time=0.017s | id=b5f49874-12b3-4fc8-a9a8-1c018e7cdd49
2026-07-05 16:03:52.274 | ERROR   | app.main:general_exception_handler:123 | Unhandled exception: (psycopg2.errors.InvalidTextRepresentation) invalid input syntax for type uuid: "roles"
LINE 3: WHERE users.id = 'roles'::UUID AND users.deleted_at IS NULL 
                         ^

[SQL: SELECT users.email AS users_email, users.username AS users_username, users.password_hash AS users_password_hash, users.email_verified AS users_email_verified, users.phone AS users_phone, users.is_active AS users_is_active, users.is_superadmin AS users_is_superadmin, users.last_login_at AS users_last_login_at, users.id AS users_id, users.created_at AS users_created_at, users.updated_at AS users_updated_at, users.deleted_at AS users_deleted_at, user_profiles_1.user_id AS user_profiles_1_user_id, user_profiles_1.display_name AS user_profiles_1_display_name, user_profiles_1.avatar_url AS user_profiles_1_avatar_url, user_profiles_1.bio AS user_profiles_1_bio, user_profiles_1.job_title AS user_profiles_1_job_title, user_profiles_1.company AS user_profiles_1_company, user_profiles_1.website_url AS user_profiles_1_website_url, user_profiles_1.social_links AS user_profiles_1_social_links, user_profiles_1.preferences AS user_profiles_1_preferences, user_profiles_1.timezone AS user_profiles_1_timezone, user_profiles_1.locale AS user_profiles_1_locale, user_profiles_1.id AS user_profiles_1_id, user_profiles_1.created_at AS user_profiles_1_created_at, user_profiles_1.updated_at AS user_profiles_1_updated_at, user_profiles_1.deleted_at AS user_profiles_1_deleted_at 
FROM users LEFT OUTER JOIN user_profiles AS user_profiles_1 ON users.id = user_profiles_1.user_id 
WHERE users.id = %(id_1)s::UUID AND users.deleted_at IS NULL 
 LIMIT %(param_1)s]
[parameters: {'id_1': 'roles', 'param_1': 1}]
(Background on this error at: https://sqlalche.me/e/20/9h9h)
2026-07-05 16:03:54.326 | ERROR   | app.middleware.logging:dispatch:33 | Request failed | GET /admin/users/roles | error=(psycopg2.errors.InvalidTextRepresentation) invalid input syntax for type uuid: "roles"
LINE 3: WHERE users.id = 'roles'::UUID AND users.deleted_at IS NULL 
                         ^

[SQL: SELECT users.email AS users_email, users.username AS users_username, users.password_hash AS users_password_hash, users.email_verified AS users_email_verified, users.phone AS users_phone, users.is_active AS users_is_active, users.is_superadmin AS users_is_superadmin, users.last_login_at AS users_last_login_at, users.id AS users_id, users.created_at AS users_created_at, users.updated_at AS users_updated_at, users.deleted_at AS users_deleted_at, user_profiles_1.user_id AS user_profiles_1_user_id, user_profiles_1.display_name AS user_profiles_1_display_name, user_profiles_1.avatar_url AS user_profiles_1_avatar_url, user_profiles_1.bio AS user_profiles_1_bio, user_profiles_1.job_title AS user_profiles_1_job_title, user_profiles_1.company AS user_profiles_1_company, user_profiles_1.website_url AS user_profiles_1_website_url, user_profiles_1.social_links AS user_profiles_1_social_links, user_profiles_1.preferences AS user_profiles_1_preferences, user_profiles_1.timezone AS user_profiles_1_timezone, user_profiles_1.locale AS user_profiles_1_locale, user_profiles_1.id AS user_profiles_1_id, user_profiles_1.created_at AS user_profiles_1_created_at, user_profiles_1.updated_at AS user_profiles_1_updated_at, user_profiles_1.deleted_at AS user_profiles_1_deleted_at 
FROM users LEFT OUTER JOIN user_profiles AS user_profiles_1 ON users.id = user_profiles_1.user_id 
WHERE users.id = %(id_1)s::UUID AND users.deleted_at IS NULL 
 LIMIT %(param_1)s]
[parameters: {'id_1': 'roles', 'param_1': 1}]
(Background on this error at: https://sqlalche.me/e/20/9h9h) | time=0.029s | id=bbee5092-bf45-447c-8fa4-087f1bde1c3a
2026-07-05 16:03:54.327 | ERROR   | app.main:general_exception_handler:123 | Unhandled exception: (psycopg2.errors.InvalidTextRepresentation) invalid input syntax for type uuid: "roles"
LINE 3: WHERE users.id = 'roles'::UUID AND users.deleted_at IS NULL 
                         ^

[SQL: SELECT users.email AS users_email, users.username AS users_username, users.password_hash AS users_password_hash, users.email_verified AS users_email_verified, users.phone AS users_phone, users.is_active AS users_is_active, users.is_superadmin AS users_is_superadmin, users.last_login_at AS users_last_login_at, users.id AS users_id, users.created_at AS users_created_at, users.updated_at AS users_updated_at, users.deleted_at AS users_deleted_at, user_profiles_1.user_id AS user_profiles_1_user_id, user_profiles_1.display_name AS user_profiles_1_display_name, user_profiles_1.avatar_url AS user_profiles_1_avatar_url, user_profiles_1.bio AS user_profiles_1_bio, user_profiles_1.job_title AS user_profiles_1_job_title, user_profiles_1.company AS user_profiles_1_company, user_profiles_1.website_url AS user_profiles_1_website_url, user_profiles_1.social_links AS user_profiles_1_social_links, user_profiles_1.preferences AS user_profiles_1_preferences, user_profiles_1.timezone AS user_profiles_1_timezone, user_profiles_1.locale AS user_profiles_1_locale, user_profiles_1.id AS user_profiles_1_id, user_profiles_1.created_at AS user_profiles_1_created_at, user_profiles_1.updated_at AS user_profiles_1_updated_at, user_profiles_1.deleted_at AS user_profiles_1_deleted_at 
FROM users LEFT OUTER JOIN user_profiles AS user_profiles_1 ON users.id = user_profiles_1.user_id 
WHERE users.id = %(id_1)s::UUID AND users.deleted_at IS NULL 
 LIMIT %(param_1)s]
[parameters: {'id_1': 'roles', 'param_1': 1}]
(Background on this error at: https://sqlalche.me/e/20/9h9h)
2026-07-05 16:10:44.008 | ERROR   | app.middleware.logging:dispatch:33 | Request failed | GET /categories | error=(psycopg2.errors.GroupingError) column "seo_metadata_1.meta_title" must appear in the GROUP BY clause or be used in an aggregate function
LINE 1: ...tatus, count(calculators.id) AS calculator_count, seo_metada...
                                                             ^

[SQL: SELECT categories.parent_id AS categories_parent_id, categories.name AS categories_name, categories.slug AS categories_slug, categories.description AS categories_description, categories.icon AS categories_icon, categories.color_hex AS categories_color_hex, categories.seo_metadata_id AS categories_seo_metadata_id, categories.is_active AS categories_is_active, categories.id AS categories_id, categories.created_at AS categories_created_at, categories.updated_at AS categories_updated_at, categories.deleted_at AS categories_deleted_at, categories.sort_order AS categories_sort_order, categories.status AS categories_status, count(calculators.id) AS calculator_count, seo_metadata_1.meta_title AS seo_metadata_1_meta_title, seo_metadata_1.meta_description AS seo_metadata_1_meta_description, seo_metadata_1.meta_keywords AS seo_metadata_1_meta_keywords, seo_metadata_1.canonical_url AS seo_metadata_1_canonical_url, seo_metadata_1.og_title AS seo_metadata_1_og_title, seo_metadata_1.og_description AS seo_metadata_1_og_description, seo_metadata_1.og_image_url AS seo_metadata_1_og_image_url, seo_metadata_1.og_type AS seo_metadata_1_og_type, seo_metadata_1.twitter_card AS seo_metadata_1_twitter_card, seo_metadata_1.twitter_title AS seo_metadata_1_twitter_title, seo_metadata_1.twitter_description AS seo_metadata_1_twitter_description, seo_metadata_1.twitter_image_url AS seo_metadata_1_twitter_image_url, seo_metadata_1.json_ld AS seo_metadata_1_json_ld, seo_metadata_1.faq_schema AS seo_metadata_1_faq_schema, seo_metadata_1.breadcrumb_schema AS seo_metadata_1_breadcrumb_schema, seo_metadata_1.robots AS seo_metadata_1_robots, seo_metadata_1.sitemap_priority AS seo_metadata_1_sitemap_priority, seo_metadata_1.sitemap_changefreq AS seo_metadata_1_sitemap_changefreq, seo_metadata_1.nofollow AS seo_metadata_1_nofollow, seo_metadata_1.noindex AS seo_metadata_1_noindex, seo_metadata_1.id AS seo_metadata_1_id, seo_metadata_1.created_at AS seo_metadata_1_created_at, seo_metadata_1.updated_at AS seo_metadata_1_updated_at 
FROM categories LEFT OUTER JOIN calculators ON calculators.category_id = categories.id LEFT OUTER JOIN seo_metadata AS seo_metadata_1 ON seo_metadata_1.id = categories.seo_metadata_id 
WHERE categories.deleted_at IS NULL AND categories.is_active = true AND calculators.deleted_at IS NULL AND calculators.is_published = true GROUP BY categories.id ORDER BY categories.sort_order ASC, categories.name ASC 
 LIMIT %(param_1)s OFFSET %(param_2)s]
[parameters: {'param_1': 50, 'param_2': 0}]
(Background on this error at: https://sqlalche.me/e/20/f405) | time=0.307s | id=633f7899-57c6-48cb-bc3f-fc2a2607858f
2026-07-05 16:10:44.012 | ERROR   | app.main:general_exception_handler:123 | Unhandled exception: (psycopg2.errors.GroupingError) column "seo_metadata_1.meta_title" must appear in the GROUP BY clause or be used in an aggregate function
LINE 1: ...tatus, count(calculators.id) AS calculator_count, seo_metada...
                                                             ^

[SQL: SELECT categories.parent_id AS categories_parent_id, categories.name AS categories_name, categories.slug AS categories_slug, categories.description AS categories_description, categories.icon AS categories_icon, categories.color_hex AS categories_color_hex, categories.seo_metadata_id AS categories_seo_metadata_id, categories.is_active AS categories_is_active, categories.id AS categories_id, categories.created_at AS categories_created_at, categories.updated_at AS categories_updated_at, categories.deleted_at AS categories_deleted_at, categories.sort_order AS categories_sort_order, categories.status AS categories_status, count(calculators.id) AS calculator_count, seo_metadata_1.meta_title AS seo_metadata_1_meta_title, seo_metadata_1.meta_description AS seo_metadata_1_meta_description, seo_metadata_1.meta_keywords AS seo_metadata_1_meta_keywords, seo_metadata_1.canonical_url AS seo_metadata_1_canonical_url, seo_metadata_1.og_title AS seo_metadata_1_og_title, seo_metadata_1.og_description AS seo_metadata_1_og_description, seo_metadata_1.og_image_url AS seo_metadata_1_og_image_url, seo_metadata_1.og_type AS seo_metadata_1_og_type, seo_metadata_1.twitter_card AS seo_metadata_1_twitter_card, seo_metadata_1.twitter_title AS seo_metadata_1_twitter_title, seo_metadata_1.twitter_description AS seo_metadata_1_twitter_description, seo_metadata_1.twitter_image_url AS seo_metadata_1_twitter_image_url, seo_metadata_1.json_ld AS seo_metadata_1_json_ld, seo_metadata_1.faq_schema AS seo_metadata_1_faq_schema, seo_metadata_1.breadcrumb_schema AS seo_metadata_1_breadcrumb_schema, seo_metadata_1.robots AS seo_metadata_1_robots, seo_metadata_1.sitemap_priority AS seo_metadata_1_sitemap_priority, seo_metadata_1.sitemap_changefreq AS seo_metadata_1_sitemap_changefreq, seo_metadata_1.nofollow AS seo_metadata_1_nofollow, seo_metadata_1.noindex AS seo_metadata_1_noindex, seo_metadata_1.id AS seo_metadata_1_id, seo_metadata_1.created_at AS seo_metadata_1_created_at, seo_metadata_1.updated_at AS seo_metadata_1_updated_at 
FROM categories LEFT OUTER JOIN calculators ON calculators.category_id = categories.id LEFT OUTER JOIN seo_metadata AS seo_metadata_1 ON seo_metadata_1.id = categories.seo_metadata_id 
WHERE categories.deleted_at IS NULL AND categories.is_active = true AND calculators.deleted_at IS NULL AND calculators.is_published = true GROUP BY categories.id ORDER BY categories.sort_order ASC, categories.name ASC 
 LIMIT %(param_1)s OFFSET %(param_2)s]
[parameters: {'param_1': 50, 'param_2': 0}]
(Background on this error at: https://sqlalche.me/e/20/f405)
2026-07-05 16:10:49.921 | ERROR   | app.middleware.logging:dispatch:33 | Request failed | GET /categories | error=(psycopg2.errors.GroupingError) column "seo_metadata_1.meta_title" must appear in the GROUP BY clause or be used in an aggregate function
LINE 1: ...tatus, count(calculators.id) AS calculator_count, seo_metada...
                                                             ^

[SQL: SELECT categories.parent_id AS categories_parent_id, categories.name AS categories_name, categories.slug AS categories_slug, categories.description AS categories_description, categories.icon AS categories_icon, categories.color_hex AS categories_color_hex, categories.seo_metadata_id AS categories_seo_metadata_id, categories.is_active AS categories_is_active, categories.id AS categories_id, categories.created_at AS categories_created_at, categories.updated_at AS categories_updated_at, categories.deleted_at AS categories_deleted_at, categories.sort_order AS categories_sort_order, categories.status AS categories_status, count(calculators.id) AS calculator_count, seo_metadata_1.meta_title AS seo_metadata_1_meta_title, seo_metadata_1.meta_description AS seo_metadata_1_meta_description, seo_metadata_1.meta_keywords AS seo_metadata_1_meta_keywords, seo_metadata_1.canonical_url AS seo_metadata_1_canonical_url, seo_metadata_1.og_title AS seo_metadata_1_og_title, seo_metadata_1.og_description AS seo_metadata_1_og_description, seo_metadata_1.og_image_url AS seo_metadata_1_og_image_url, seo_metadata_1.og_type AS seo_metadata_1_og_type, seo_metadata_1.twitter_card AS seo_metadata_1_twitter_card, seo_metadata_1.twitter_title AS seo_metadata_1_twitter_title, seo_metadata_1.twitter_description AS seo_metadata_1_twitter_description, seo_metadata_1.twitter_image_url AS seo_metadata_1_twitter_image_url, seo_metadata_1.json_ld AS seo_metadata_1_json_ld, seo_metadata_1.faq_schema AS seo_metadata_1_faq_schema, seo_metadata_1.breadcrumb_schema AS seo_metadata_1_breadcrumb_schema, seo_metadata_1.robots AS seo_metadata_1_robots, seo_metadata_1.sitemap_priority AS seo_metadata_1_sitemap_priority, seo_metadata_1.sitemap_changefreq AS seo_metadata_1_sitemap_changefreq, seo_metadata_1.nofollow AS seo_metadata_1_nofollow, seo_metadata_1.noindex AS seo_metadata_1_noindex, seo_metadata_1.id AS seo_metadata_1_id, seo_metadata_1.created_at AS seo_metadata_1_created_at, seo_metadata_1.updated_at AS seo_metadata_1_updated_at 
FROM categories LEFT OUTER JOIN calculators ON calculators.category_id = categories.id LEFT OUTER JOIN seo_metadata AS seo_metadata_1 ON seo_metadata_1.id = categories.seo_metadata_id 
WHERE categories.deleted_at IS NULL AND categories.is_active = true AND calculators.deleted_at IS NULL AND calculators.is_published = true GROUP BY categories.id ORDER BY categories.sort_order ASC, categories.name ASC 
 LIMIT %(param_1)s OFFSET %(param_2)s]
[parameters: {'param_1': 50, 'param_2': 0}]
(Background on this error at: https://sqlalche.me/e/20/f405) | time=0.010s | id=a5bb0a04-61c8-4dc5-83c9-f68033b2f85a
2026-07-05 16:10:49.924 | ERROR   | app.main:general_exception_handler:123 | Unhandled exception: (psycopg2.errors.GroupingError) column "seo_metadata_1.meta_title" must appear in the GROUP BY clause or be used in an aggregate function
LINE 1: ...tatus, count(calculators.id) AS calculator_count, seo_metada...
                                                             ^

[SQL: SELECT categories.parent_id AS categories_parent_id, categories.name AS categories_name, categories.slug AS categories_slug, categories.description AS categories_description, categories.icon AS categories_icon, categories.color_hex AS categories_color_hex, categories.seo_metadata_id AS categories_seo_metadata_id, categories.is_active AS categories_is_active, categories.id AS categories_id, categories.created_at AS categories_created_at, categories.updated_at AS categories_updated_at, categories.deleted_at AS categories_deleted_at, categories.sort_order AS categories_sort_order, categories.status AS categories_status, count(calculators.id) AS calculator_count, seo_metadata_1.meta_title AS seo_metadata_1_meta_title, seo_metadata_1.meta_description AS seo_metadata_1_meta_description, seo_metadata_1.meta_keywords AS seo_metadata_1_meta_keywords, seo_metadata_1.canonical_url AS seo_metadata_1_canonical_url, seo_metadata_1.og_title AS seo_metadata_1_og_title, seo_metadata_1.og_description AS seo_metadata_1_og_description, seo_metadata_1.og_image_url AS seo_metadata_1_og_image_url, seo_metadata_1.og_type AS seo_metadata_1_og_type, seo_metadata_1.twitter_card AS seo_metadata_1_twitter_card, seo_metadata_1.twitter_title AS seo_metadata_1_twitter_title, seo_metadata_1.twitter_description AS seo_metadata_1_twitter_description, seo_metadata_1.twitter_image_url AS seo_metadata_1_twitter_image_url, seo_metadata_1.json_ld AS seo_metadata_1_json_ld, seo_metadata_1.faq_schema AS seo_metadata_1_faq_schema, seo_metadata_1.breadcrumb_schema AS seo_metadata_1_breadcrumb_schema, seo_metadata_1.robots AS seo_metadata_1_robots, seo_metadata_1.sitemap_priority AS seo_metadata_1_sitemap_priority, seo_metadata_1.sitemap_changefreq AS seo_metadata_1_sitemap_changefreq, seo_metadata_1.nofollow AS seo_metadata_1_nofollow, seo_metadata_1.noindex AS seo_metadata_1_noindex, seo_metadata_1.id AS seo_metadata_1_id, seo_metadata_1.created_at AS seo_metadata_1_created_at, seo_metadata_1.updated_at AS seo_metadata_1_updated_at 
FROM categories LEFT OUTER JOIN calculators ON calculators.category_id = categories.id LEFT OUTER JOIN seo_metadata AS seo_metadata_1 ON seo_metadata_1.id = categories.seo_metadata_id 
WHERE categories.deleted_at IS NULL AND categories.is_active = true AND calculators.deleted_at IS NULL AND calculators.is_published = true GROUP BY categories.id ORDER BY categories.sort_order ASC, categories.name ASC 
 LIMIT %(param_1)s OFFSET %(param_2)s]
[parameters: {'param_1': 50, 'param_2': 0}]
(Background on this error at: https://sqlalche.me/e/20/f405)
2026-07-05 16:11:35.047 | ERROR   | app.middleware.logging:dispatch:33 | Request failed | GET /categories | error=(psycopg2.errors.GroupingError) column "seo_metadata_1.meta_title" must appear in the GROUP BY clause or be used in an aggregate function
LINE 1: ...tatus, count(calculators.id) AS calculator_count, seo_metada...
                                                             ^

[SQL: SELECT categories.parent_id AS categories_parent_id, categories.name AS categories_name, categories.slug AS categories_slug, categories.description AS categories_description, categories.icon AS categories_icon, categories.color_hex AS categories_color_hex, categories.seo_metadata_id AS categories_seo_metadata_id, categories.is_active AS categories_is_active, categories.id AS categories_id, categories.created_at AS categories_created_at, categories.updated_at AS categories_updated_at, categories.deleted_at AS categories_deleted_at, categories.sort_order AS categories_sort_order, categories.status AS categories_status, count(calculators.id) AS calculator_count, seo_metadata_1.meta_title AS seo_metadata_1_meta_title, seo_metadata_1.meta_description AS seo_metadata_1_meta_description, seo_metadata_1.meta_keywords AS seo_metadata_1_meta_keywords, seo_metadata_1.canonical_url AS seo_metadata_1_canonical_url, seo_metadata_1.og_title AS seo_metadata_1_og_title, seo_metadata_1.og_description AS seo_metadata_1_og_description, seo_metadata_1.og_image_url AS seo_metadata_1_og_image_url, seo_metadata_1.og_type AS seo_metadata_1_og_type, seo_metadata_1.twitter_card AS seo_metadata_1_twitter_card, seo_metadata_1.twitter_title AS seo_metadata_1_twitter_title, seo_metadata_1.twitter_description AS seo_metadata_1_twitter_description, seo_metadata_1.twitter_image_url AS seo_metadata_1_twitter_image_url, seo_metadata_1.json_ld AS seo_metadata_1_json_ld, seo_metadata_1.faq_schema AS seo_metadata_1_faq_schema, seo_metadata_1.breadcrumb_schema AS seo_metadata_1_breadcrumb_schema, seo_metadata_1.robots AS seo_metadata_1_robots, seo_metadata_1.sitemap_priority AS seo_metadata_1_sitemap_priority, seo_metadata_1.sitemap_changefreq AS seo_metadata_1_sitemap_changefreq, seo_metadata_1.nofollow AS seo_metadata_1_nofollow, seo_metadata_1.noindex AS seo_metadata_1_noindex, seo_metadata_1.id AS seo_metadata_1_id, seo_metadata_1.created_at AS seo_metadata_1_created_at, seo_metadata_1.updated_at AS seo_metadata_1_updated_at 
FROM categories LEFT OUTER JOIN calculators ON calculators.category_id = categories.id LEFT OUTER JOIN seo_metadata AS seo_metadata_1 ON seo_metadata_1.id = categories.seo_metadata_id 
WHERE categories.deleted_at IS NULL AND categories.is_active = true AND calculators.deleted_at IS NULL AND calculators.is_published = true GROUP BY categories.id ORDER BY categories.sort_order ASC, categories.name ASC 
 LIMIT %(param_1)s OFFSET %(param_2)s]
[parameters: {'param_1': 50, 'param_2': 0}]
(Background on this error at: https://sqlalche.me/e/20/f405) | time=0.116s | id=06a229c8-b72f-4b52-9222-dc4dea0e12a7
2026-07-05 16:11:35.050 | ERROR   | app.main:general_exception_handler:123 | Unhandled exception: (psycopg2.errors.GroupingError) column "seo_metadata_1.meta_title" must appear in the GROUP BY clause or be used in an aggregate function
LINE 1: ...tatus, count(calculators.id) AS calculator_count, seo_metada...
                                                             ^

[SQL: SELECT categories.parent_id AS categories_parent_id, categories.name AS categories_name, categories.slug AS categories_slug, categories.description AS categories_description, categories.icon AS categories_icon, categories.color_hex AS categories_color_hex, categories.seo_metadata_id AS categories_seo_metadata_id, categories.is_active AS categories_is_active, categories.id AS categories_id, categories.created_at AS categories_created_at, categories.updated_at AS categories_updated_at, categories.deleted_at AS categories_deleted_at, categories.sort_order AS categories_sort_order, categories.status AS categories_status, count(calculators.id) AS calculator_count, seo_metadata_1.meta_title AS seo_metadata_1_meta_title, seo_metadata_1.meta_description AS seo_metadata_1_meta_description, seo_metadata_1.meta_keywords AS seo_metadata_1_meta_keywords, seo_metadata_1.canonical_url AS seo_metadata_1_canonical_url, seo_metadata_1.og_title AS seo_metadata_1_og_title, seo_metadata_1.og_description AS seo_metadata_1_og_description, seo_metadata_1.og_image_url AS seo_metadata_1_og_image_url, seo_metadata_1.og_type AS seo_metadata_1_og_type, seo_metadata_1.twitter_card AS seo_metadata_1_twitter_card, seo_metadata_1.twitter_title AS seo_metadata_1_twitter_title, seo_metadata_1.twitter_description AS seo_metadata_1_twitter_description, seo_metadata_1.twitter_image_url AS seo_metadata_1_twitter_image_url, seo_metadata_1.json_ld AS seo_metadata_1_json_ld, seo_metadata_1.faq_schema AS seo_metadata_1_faq_schema, seo_metadata_1.breadcrumb_schema AS seo_metadata_1_breadcrumb_schema, seo_metadata_1.robots AS seo_metadata_1_robots, seo_metadata_1.sitemap_priority AS seo_metadata_1_sitemap_priority, seo_metadata_1.sitemap_changefreq AS seo_metadata_1_sitemap_changefreq, seo_metadata_1.nofollow AS seo_metadata_1_nofollow, seo_metadata_1.noindex AS seo_metadata_1_noindex, seo_metadata_1.id AS seo_metadata_1_id, seo_metadata_1.created_at AS seo_metadata_1_created_at, seo_metadata_1.updated_at AS seo_metadata_1_updated_at 
FROM categories LEFT OUTER JOIN calculators ON calculators.category_id = categories.id LEFT OUTER JOIN seo_metadata AS seo_metadata_1 ON seo_metadata_1.id = categories.seo_metadata_id 
WHERE categories.deleted_at IS NULL AND categories.is_active = true AND calculators.deleted_at IS NULL AND calculators.is_published = true GROUP BY categories.id ORDER BY categories.sort_order ASC, categories.name ASC 
 LIMIT %(param_1)s OFFSET %(param_2)s]
[parameters: {'param_1': 50, 'param_2': 0}]
(Background on this error at: https://sqlalche.me/e/20/f405)
2026-07-05 16:15:51.486 | ERROR   | app.middleware.logging:dispatch:33 | Request failed | GET /categories | error=(psycopg2.errors.GroupingError) column "seo_metadata_1.meta_title" must appear in the GROUP BY clause or be used in an aggregate function
LINE 1: ...tatus, count(calculators.id) AS calculator_count, seo_metada...
                                                             ^

[SQL: SELECT categories.parent_id AS categories_parent_id, categories.name AS categories_name, categories.slug AS categories_slug, categories.description AS categories_description, categories.icon AS categories_icon, categories.color_hex AS categories_color_hex, categories.seo_metadata_id AS categories_seo_metadata_id, categories.is_active AS categories_is_active, categories.id AS categories_id, categories.created_at AS categories_created_at, categories.updated_at AS categories_updated_at, categories.deleted_at AS categories_deleted_at, categories.sort_order AS categories_sort_order, categories.status AS categories_status, count(calculators.id) AS calculator_count, seo_metadata_1.meta_title AS seo_metadata_1_meta_title, seo_metadata_1.meta_description AS seo_metadata_1_meta_description, seo_metadata_1.meta_keywords AS seo_metadata_1_meta_keywords, seo_metadata_1.canonical_url AS seo_metadata_1_canonical_url, seo_metadata_1.og_title AS seo_metadata_1_og_title, seo_metadata_1.og_description AS seo_metadata_1_og_description, seo_metadata_1.og_image_url AS seo_metadata_1_og_image_url, seo_metadata_1.og_type AS seo_metadata_1_og_type, seo_metadata_1.twitter_card AS seo_metadata_1_twitter_card, seo_metadata_1.twitter_title AS seo_metadata_1_twitter_title, seo_metadata_1.twitter_description AS seo_metadata_1_twitter_description, seo_metadata_1.twitter_image_url AS seo_metadata_1_twitter_image_url, seo_metadata_1.json_ld AS seo_metadata_1_json_ld, seo_metadata_1.faq_schema AS seo_metadata_1_faq_schema, seo_metadata_1.breadcrumb_schema AS seo_metadata_1_breadcrumb_schema, seo_metadata_1.robots AS seo_metadata_1_robots, seo_metadata_1.sitemap_priority AS seo_metadata_1_sitemap_priority, seo_metadata_1.sitemap_changefreq AS seo_metadata_1_sitemap_changefreq, seo_metadata_1.nofollow AS seo_metadata_1_nofollow, seo_metadata_1.noindex AS seo_metadata_1_noindex, seo_metadata_1.id AS seo_metadata_1_id, seo_metadata_1.created_at AS seo_metadata_1_created_at, seo_metadata_1.updated_at AS seo_metadata_1_updated_at 
FROM categories LEFT OUTER JOIN calculators ON calculators.category_id = categories.id LEFT OUTER JOIN seo_metadata AS seo_metadata_1 ON seo_metadata_1.id = categories.seo_metadata_id 
WHERE categories.deleted_at IS NULL AND categories.is_active = true AND calculators.deleted_at IS NULL AND calculators.is_published = true GROUP BY categories.id ORDER BY categories.sort_order ASC, categories.name ASC 
 LIMIT %(param_1)s OFFSET %(param_2)s]
[parameters: {'param_1': 50, 'param_2': 0}]
(Background on this error at: https://sqlalche.me/e/20/f405) | time=0.066s | id=292d86d9-9739-4ca6-ab1d-6cf26fd04bc8
2026-07-05 16:15:51.489 | ERROR   | app.main:general_exception_handler:123 | Unhandled exception: (psycopg2.errors.GroupingError) column "seo_metadata_1.meta_title" must appear in the GROUP BY clause or be used in an aggregate function
LINE 1: ...tatus, count(calculators.id) AS calculator_count, seo_metada...
                                                             ^

[SQL: SELECT categories.parent_id AS categories_parent_id, categories.name AS categories_name, categories.slug AS categories_slug, categories.description AS categories_description, categories.icon AS categories_icon, categories.color_hex AS categories_color_hex, categories.seo_metadata_id AS categories_seo_metadata_id, categories.is_active AS categories_is_active, categories.id AS categories_id, categories.created_at AS categories_created_at, categories.updated_at AS categories_updated_at, categories.deleted_at AS categories_deleted_at, categories.sort_order AS categories_sort_order, categories.status AS categories_status, count(calculators.id) AS calculator_count, seo_metadata_1.meta_title AS seo_metadata_1_meta_title, seo_metadata_1.meta_description AS seo_metadata_1_meta_description, seo_metadata_1.meta_keywords AS seo_metadata_1_meta_keywords, seo_metadata_1.canonical_url AS seo_metadata_1_canonical_url, seo_metadata_1.og_title AS seo_metadata_1_og_title, seo_metadata_1.og_description AS seo_metadata_1_og_description, seo_metadata_1.og_image_url AS seo_metadata_1_og_image_url, seo_metadata_1.og_type AS seo_metadata_1_og_type, seo_metadata_1.twitter_card AS seo_metadata_1_twitter_card, seo_metadata_1.twitter_title AS seo_metadata_1_twitter_title, seo_metadata_1.twitter_description AS seo_metadata_1_twitter_description, seo_metadata_1.twitter_image_url AS seo_metadata_1_twitter_image_url, seo_metadata_1.json_ld AS seo_metadata_1_json_ld, seo_metadata_1.faq_schema AS seo_metadata_1_faq_schema, seo_metadata_1.breadcrumb_schema AS seo_metadata_1_breadcrumb_schema, seo_metadata_1.robots AS seo_metadata_1_robots, seo_metadata_1.sitemap_priority AS seo_metadata_1_sitemap_priority, seo_metadata_1.sitemap_changefreq AS seo_metadata_1_sitemap_changefreq, seo_metadata_1.nofollow AS seo_metadata_1_nofollow, seo_metadata_1.noindex AS seo_metadata_1_noindex, seo_metadata_1.id AS seo_metadata_1_id, seo_metadata_1.created_at AS seo_metadata_1_created_at, seo_metadata_1.updated_at AS seo_metadata_1_updated_at 
FROM categories LEFT OUTER JOIN calculators ON calculators.category_id = categories.id LEFT OUTER JOIN seo_metadata AS seo_metadata_1 ON seo_metadata_1.id = categories.seo_metadata_id 
WHERE categories.deleted_at IS NULL AND categories.is_active = true AND calculators.deleted_at IS NULL AND calculators.is_published = true GROUP BY categories.id ORDER BY categories.sort_order ASC, categories.name ASC 
 LIMIT %(param_1)s OFFSET %(param_2)s]
[parameters: {'param_1': 50, 'param_2': 0}]
(Background on this error at: https://sqlalche.me/e/20/f405)
2026-07-05 16:15:53.530 | ERROR   | app.middleware.logging:dispatch:33 | Request failed | GET /categories | error=(psycopg2.errors.GroupingError) column "seo_metadata_1.meta_title" must appear in the GROUP BY clause or be used in an aggregate function
LINE 1: ...tatus, count(calculators.id) AS calculator_count, seo_metada...
                                                             ^

[SQL: SELECT categories.parent_id AS categories_parent_id, categories.name AS categories_name, categories.slug AS categories_slug, categories.description AS categories_description, categories.icon AS categories_icon, categories.color_hex AS categories_color_hex, categories.seo_metadata_id AS categories_seo_metadata_id, categories.is_active AS categories_is_active, categories.id AS categories_id, categories.created_at AS categories_created_at, categories.updated_at AS categories_updated_at, categories.deleted_at AS categories_deleted_at, categories.sort_order AS categories_sort_order, categories.status AS categories_status, count(calculators.id) AS calculator_count, seo_metadata_1.meta_title AS seo_metadata_1_meta_title, seo_metadata_1.meta_description AS seo_metadata_1_meta_description, seo_metadata_1.meta_keywords AS seo_metadata_1_meta_keywords, seo_metadata_1.canonical_url AS seo_metadata_1_canonical_url, seo_metadata_1.og_title AS seo_metadata_1_og_title, seo_metadata_1.og_description AS seo_metadata_1_og_description, seo_metadata_1.og_image_url AS seo_metadata_1_og_image_url, seo_metadata_1.og_type AS seo_metadata_1_og_type, seo_metadata_1.twitter_card AS seo_metadata_1_twitter_card, seo_metadata_1.twitter_title AS seo_metadata_1_twitter_title, seo_metadata_1.twitter_description AS seo_metadata_1_twitter_description, seo_metadata_1.twitter_image_url AS seo_metadata_1_twitter_image_url, seo_metadata_1.json_ld AS seo_metadata_1_json_ld, seo_metadata_1.faq_schema AS seo_metadata_1_faq_schema, seo_metadata_1.breadcrumb_schema AS seo_metadata_1_breadcrumb_schema, seo_metadata_1.robots AS seo_metadata_1_robots, seo_metadata_1.sitemap_priority AS seo_metadata_1_sitemap_priority, seo_metadata_1.sitemap_changefreq AS seo_metadata_1_sitemap_changefreq, seo_metadata_1.nofollow AS seo_metadata_1_nofollow, seo_metadata_1.noindex AS seo_metadata_1_noindex, seo_metadata_1.id AS seo_metadata_1_id, seo_metadata_1.created_at AS seo_metadata_1_created_at, seo_metadata_1.updated_at AS seo_metadata_1_updated_at 
FROM categories LEFT OUTER JOIN calculators ON calculators.category_id = categories.id LEFT OUTER JOIN seo_metadata AS seo_metadata_1 ON seo_metadata_1.id = categories.seo_metadata_id 
WHERE categories.deleted_at IS NULL AND categories.is_active = true AND calculators.deleted_at IS NULL AND calculators.is_published = true GROUP BY categories.id ORDER BY categories.sort_order ASC, categories.name ASC 
 LIMIT %(param_1)s OFFSET %(param_2)s]
[parameters: {'param_1': 50, 'param_2': 0}]
(Background on this error at: https://sqlalche.me/e/20/f405) | time=0.016s | id=006ea17e-caef-45e6-b29a-fd73aea74470
2026-07-05 16:15:53.533 | ERROR   | app.main:general_exception_handler:123 | Unhandled exception: (psycopg2.errors.GroupingError) column "seo_metadata_1.meta_title" must appear in the GROUP BY clause or be used in an aggregate function
LINE 1: ...tatus, count(calculators.id) AS calculator_count, seo_metada...
                                                             ^

[SQL: SELECT categories.parent_id AS categories_parent_id, categories.name AS categories_name, categories.slug AS categories_slug, categories.description AS categories_description, categories.icon AS categories_icon, categories.color_hex AS categories_color_hex, categories.seo_metadata_id AS categories_seo_metadata_id, categories.is_active AS categories_is_active, categories.id AS categories_id, categories.created_at AS categories_created_at, categories.updated_at AS categories_updated_at, categories.deleted_at AS categories_deleted_at, categories.sort_order AS categories_sort_order, categories.status AS categories_status, count(calculators.id) AS calculator_count, seo_metadata_1.meta_title AS seo_metadata_1_meta_title, seo_metadata_1.meta_description AS seo_metadata_1_meta_description, seo_metadata_1.meta_keywords AS seo_metadata_1_meta_keywords, seo_metadata_1.canonical_url AS seo_metadata_1_canonical_url, seo_metadata_1.og_title AS seo_metadata_1_og_title, seo_metadata_1.og_description AS seo_metadata_1_og_description, seo_metadata_1.og_image_url AS seo_metadata_1_og_image_url, seo_metadata_1.og_type AS seo_metadata_1_og_type, seo_metadata_1.twitter_card AS seo_metadata_1_twitter_card, seo_metadata_1.twitter_title AS seo_metadata_1_twitter_title, seo_metadata_1.twitter_description AS seo_metadata_1_twitter_description, seo_metadata_1.twitter_image_url AS seo_metadata_1_twitter_image_url, seo_metadata_1.json_ld AS seo_metadata_1_json_ld, seo_metadata_1.faq_schema AS seo_metadata_1_faq_schema, seo_metadata_1.breadcrumb_schema AS seo_metadata_1_breadcrumb_schema, seo_metadata_1.robots AS seo_metadata_1_robots, seo_metadata_1.sitemap_priority AS seo_metadata_1_sitemap_priority, seo_metadata_1.sitemap_changefreq AS seo_metadata_1_sitemap_changefreq, seo_metadata_1.nofollow AS seo_metadata_1_nofollow, seo_metadata_1.noindex AS seo_metadata_1_noindex, seo_metadata_1.id AS seo_metadata_1_id, seo_metadata_1.created_at AS seo_metadata_1_created_at, seo_metadata_1.updated_at AS seo_metadata_1_updated_at 
FROM categories LEFT OUTER JOIN calculators ON calculators.category_id = categories.id LEFT OUTER JOIN seo_metadata AS seo_metadata_1 ON seo_metadata_1.id = categories.seo_metadata_id 
WHERE categories.deleted_at IS NULL AND categories.is_active = true AND calculators.deleted_at IS NULL AND calculators.is_published = true GROUP BY categories.id ORDER BY categories.sort_order ASC, categories.name ASC 
 LIMIT %(param_1)s OFFSET %(param_2)s]
[parameters: {'param_1': 50, 'param_2': 0}]
(Background on this error at: https://sqlalche.me/e/20/f405)
2026-07-05 16:16:14.978 | ERROR   | app.middleware.logging:dispatch:33 | Request failed | GET /categories | error=(psycopg2.errors.GroupingError) column "seo_metadata_1.meta_title" must appear in the GROUP BY clause or be used in an aggregate function
LINE 1: ...tatus, count(calculators.id) AS calculator_count, seo_metada...
                                                             ^

[SQL: SELECT categories.parent_id AS categories_parent_id, categories.name AS categories_name, categories.slug AS categories_slug, categories.description AS categories_description, categories.icon AS categories_icon, categories.color_hex AS categories_color_hex, categories.seo_metadata_id AS categories_seo_metadata_id, categories.is_active AS categories_is_active, categories.id AS categories_id, categories.created_at AS categories_created_at, categories.updated_at AS categories_updated_at, categories.deleted_at AS categories_deleted_at, categories.sort_order AS categories_sort_order, categories.status AS categories_status, count(calculators.id) AS calculator_count, seo_metadata_1.meta_title AS seo_metadata_1_meta_title, seo_metadata_1.meta_description AS seo_metadata_1_meta_description, seo_metadata_1.meta_keywords AS seo_metadata_1_meta_keywords, seo_metadata_1.canonical_url AS seo_metadata_1_canonical_url, seo_metadata_1.og_title AS seo_metadata_1_og_title, seo_metadata_1.og_description AS seo_metadata_1_og_description, seo_metadata_1.og_image_url AS seo_metadata_1_og_image_url, seo_metadata_1.og_type AS seo_metadata_1_og_type, seo_metadata_1.twitter_card AS seo_metadata_1_twitter_card, seo_metadata_1.twitter_title AS seo_metadata_1_twitter_title, seo_metadata_1.twitter_description AS seo_metadata_1_twitter_description, seo_metadata_1.twitter_image_url AS seo_metadata_1_twitter_image_url, seo_metadata_1.json_ld AS seo_metadata_1_json_ld, seo_metadata_1.faq_schema AS seo_metadata_1_faq_schema, seo_metadata_1.breadcrumb_schema AS seo_metadata_1_breadcrumb_schema, seo_metadata_1.robots AS seo_metadata_1_robots, seo_metadata_1.sitemap_priority AS seo_metadata_1_sitemap_priority, seo_metadata_1.sitemap_changefreq AS seo_metadata_1_sitemap_changefreq, seo_metadata_1.nofollow AS seo_metadata_1_nofollow, seo_metadata_1.noindex AS seo_metadata_1_noindex, seo_metadata_1.id AS seo_metadata_1_id, seo_metadata_1.created_at AS seo_metadata_1_created_at, seo_metadata_1.updated_at AS seo_metadata_1_updated_at 
FROM categories LEFT OUTER JOIN calculators ON calculators.category_id = categories.id LEFT OUTER JOIN seo_metadata AS seo_metadata_1 ON seo_metadata_1.id = categories.seo_metadata_id 
WHERE categories.deleted_at IS NULL AND categories.is_active = true AND calculators.deleted_at IS NULL AND calculators.is_published = true GROUP BY categories.id ORDER BY categories.sort_order ASC, categories.name ASC 
 LIMIT %(param_1)s OFFSET %(param_2)s]
[parameters: {'param_1': 50, 'param_2': 0}]
(Background on this error at: https://sqlalche.me/e/20/f405) | time=0.021s | id=97f23d3d-ab1c-45ab-b173-78810a0cad29
2026-07-05 16:16:14.987 | ERROR   | app.main:general_exception_handler:123 | Unhandled exception: (psycopg2.errors.GroupingError) column "seo_metadata_1.meta_title" must appear in the GROUP BY clause or be used in an aggregate function
LINE 1: ...tatus, count(calculators.id) AS calculator_count, seo_metada...
                                                             ^

[SQL: SELECT categories.parent_id AS categories_parent_id, categories.name AS categories_name, categories.slug AS categories_slug, categories.description AS categories_description, categories.icon AS categories_icon, categories.color_hex AS categories_color_hex, categories.seo_metadata_id AS categories_seo_metadata_id, categories.is_active AS categories_is_active, categories.id AS categories_id, categories.created_at AS categories_created_at, categories.updated_at AS categories_updated_at, categories.deleted_at AS categories_deleted_at, categories.sort_order AS categories_sort_order, categories.status AS categories_status, count(calculators.id) AS calculator_count, seo_metadata_1.meta_title AS seo_metadata_1_meta_title, seo_metadata_1.meta_description AS seo_metadata_1_meta_description, seo_metadata_1.meta_keywords AS seo_metadata_1_meta_keywords, seo_metadata_1.canonical_url AS seo_metadata_1_canonical_url, seo_metadata_1.og_title AS seo_metadata_1_og_title, seo_metadata_1.og_description AS seo_metadata_1_og_description, seo_metadata_1.og_image_url AS seo_metadata_1_og_image_url, seo_metadata_1.og_type AS seo_metadata_1_og_type, seo_metadata_1.twitter_card AS seo_metadata_1_twitter_card, seo_metadata_1.twitter_title AS seo_metadata_1_twitter_title, seo_metadata_1.twitter_description AS seo_metadata_1_twitter_description, seo_metadata_1.twitter_image_url AS seo_metadata_1_twitter_image_url, seo_metadata_1.json_ld AS seo_metadata_1_json_ld, seo_metadata_1.faq_schema AS seo_metadata_1_faq_schema, seo_metadata_1.breadcrumb_schema AS seo_metadata_1_breadcrumb_schema, seo_metadata_1.robots AS seo_metadata_1_robots, seo_metadata_1.sitemap_priority AS seo_metadata_1_sitemap_priority, seo_metadata_1.sitemap_changefreq AS seo_metadata_1_sitemap_changefreq, seo_metadata_1.nofollow AS seo_metadata_1_nofollow, seo_metadata_1.noindex AS seo_metadata_1_noindex, seo_metadata_1.id AS seo_metadata_1_id, seo_metadata_1.created_at AS seo_metadata_1_created_at, seo_metadata_1.updated_at AS seo_metadata_1_updated_at 
FROM categories LEFT OUTER JOIN calculators ON calculators.category_id = categories.id LEFT OUTER JOIN seo_metadata AS seo_metadata_1 ON seo_metadata_1.id = categories.seo_metadata_id 
WHERE categories.deleted_at IS NULL AND categories.is_active = true AND calculators.deleted_at IS NULL AND calculators.is_published = true GROUP BY categories.id ORDER BY categories.sort_order ASC, categories.name ASC 
 LIMIT %(param_1)s OFFSET %(param_2)s]
[parameters: {'param_1': 50, 'param_2': 0}]
(Background on this error at: https://sqlalche.me/e/20/f405)
2026-07-05 16:16:16.007 | ERROR   | app.middleware.logging:dispatch:33 | Request failed | GET /categories | error=(psycopg2.errors.GroupingError) column "seo_metadata_1.meta_title" must appear in the GROUP BY clause or be used in an aggregate function
LINE 1: ...tatus, count(calculators.id) AS calculator_count, seo_metada...
                                                             ^

[SQL: SELECT categories.parent_id AS categories_parent_id, categories.name AS categories_name, categories.slug AS categories_slug, categories.description AS categories_description, categories.icon AS categories_icon, categories.color_hex AS categories_color_hex, categories.seo_metadata_id AS categories_seo_metadata_id, categories.is_active AS categories_is_active, categories.id AS categories_id, categories.created_at AS categories_created_at, categories.updated_at AS categories_updated_at, categories.deleted_at AS categories_deleted_at, categories.sort_order AS categories_sort_order, categories.status AS categories_status, count(calculators.id) AS calculator_count, seo_metadata_1.meta_title AS seo_metadata_1_meta_title, seo_metadata_1.meta_description AS seo_metadata_1_meta_description, seo_metadata_1.meta_keywords AS seo_metadata_1_meta_keywords, seo_metadata_1.canonical_url AS seo_metadata_1_canonical_url, seo_metadata_1.og_title AS seo_metadata_1_og_title, seo_metadata_1.og_description AS seo_metadata_1_og_description, seo_metadata_1.og_image_url AS seo_metadata_1_og_image_url, seo_metadata_1.og_type AS seo_metadata_1_og_type, seo_metadata_1.twitter_card AS seo_metadata_1_twitter_card, seo_metadata_1.twitter_title AS seo_metadata_1_twitter_title, seo_metadata_1.twitter_description AS seo_metadata_1_twitter_description, seo_metadata_1.twitter_image_url AS seo_metadata_1_twitter_image_url, seo_metadata_1.json_ld AS seo_metadata_1_json_ld, seo_metadata_1.faq_schema AS seo_metadata_1_faq_schema, seo_metadata_1.breadcrumb_schema AS seo_metadata_1_breadcrumb_schema, seo_metadata_1.robots AS seo_metadata_1_robots, seo_metadata_1.sitemap_priority AS seo_metadata_1_sitemap_priority, seo_metadata_1.sitemap_changefreq AS seo_metadata_1_sitemap_changefreq, seo_metadata_1.nofollow AS seo_metadata_1_nofollow, seo_metadata_1.noindex AS seo_metadata_1_noindex, seo_metadata_1.id AS seo_metadata_1_id, seo_metadata_1.created_at AS seo_metadata_1_created_at, seo_metadata_1.updated_at AS seo_metadata_1_updated_at 
FROM categories LEFT OUTER JOIN calculators ON calculators.category_id = categories.id LEFT OUTER JOIN seo_metadata AS seo_metadata_1 ON seo_metadata_1.id = categories.seo_metadata_id 
WHERE categories.deleted_at IS NULL AND categories.is_active = true AND calculators.deleted_at IS NULL AND calculators.is_published = true GROUP BY categories.id ORDER BY categories.sort_order ASC, categories.name ASC 
 LIMIT %(param_1)s OFFSET %(param_2)s]
[parameters: {'param_1': 50, 'param_2': 0}]
(Background on this error at: https://sqlalche.me/e/20/f405) | time=0.007s | id=3800fc43-bf63-452a-aa73-d7deb9906aa5
2026-07-05 16:16:16.010 | ERROR   | app.main:general_exception_handler:123 | Unhandled exception: (psycopg2.errors.GroupingError) column "seo_metadata_1.meta_title" must appear in the GROUP BY clause or be used in an aggregate function
LINE 1: ...tatus, count(calculators.id) AS calculator_count, seo_metada...
                                                             ^

[SQL: SELECT categories.parent_id AS categories_parent_id, categories.name AS categories_name, categories.slug AS categories_slug, categories.description AS categories_description, categories.icon AS categories_icon, categories.color_hex AS categories_color_hex, categories.seo_metadata_id AS categories_seo_metadata_id, categories.is_active AS categories_is_active, categories.id AS categories_id, categories.created_at AS categories_created_at, categories.updated_at AS categories_updated_at, categories.deleted_at AS categories_deleted_at, categories.sort_order AS categories_sort_order, categories.status AS categories_status, count(calculators.id) AS calculator_count, seo_metadata_1.meta_title AS seo_metadata_1_meta_title, seo_metadata_1.meta_description AS seo_metadata_1_meta_description, seo_metadata_1.meta_keywords AS seo_metadata_1_meta_keywords, seo_metadata_1.canonical_url AS seo_metadata_1_canonical_url, seo_metadata_1.og_title AS seo_metadata_1_og_title, seo_metadata_1.og_description AS seo_metadata_1_og_description, seo_metadata_1.og_image_url AS seo_metadata_1_og_image_url, seo_metadata_1.og_type AS seo_metadata_1_og_type, seo_metadata_1.twitter_card AS seo_metadata_1_twitter_card, seo_metadata_1.twitter_title AS seo_metadata_1_twitter_title, seo_metadata_1.twitter_description AS seo_metadata_1_twitter_description, seo_metadata_1.twitter_image_url AS seo_metadata_1_twitter_image_url, seo_metadata_1.json_ld AS seo_metadata_1_json_ld, seo_metadata_1.faq_schema AS seo_metadata_1_faq_schema, seo_metadata_1.breadcrumb_schema AS seo_metadata_1_breadcrumb_schema, seo_metadata_1.robots AS seo_metadata_1_robots, seo_metadata_1.sitemap_priority AS seo_metadata_1_sitemap_priority, seo_metadata_1.sitemap_changefreq AS seo_metadata_1_sitemap_changefreq, seo_metadata_1.nofollow AS seo_metadata_1_nofollow, seo_metadata_1.noindex AS seo_metadata_1_noindex, seo_metadata_1.id AS seo_metadata_1_id, seo_metadata_1.created_at AS seo_metadata_1_created_at, seo_metadata_1.updated_at AS seo_metadata_1_updated_at 
FROM categories LEFT OUTER JOIN calculators ON calculators.category_id = categories.id LEFT OUTER JOIN seo_metadata AS seo_metadata_1 ON seo_metadata_1.id = categories.seo_metadata_id 
WHERE categories.deleted_at IS NULL AND categories.is_active = true AND calculators.deleted_at IS NULL AND calculators.is_published = true GROUP BY categories.id ORDER BY categories.sort_order ASC, categories.name ASC 
 LIMIT %(param_1)s OFFSET %(param_2)s]
[parameters: {'param_1': 50, 'param_2': 0}]
(Background on this error at: https://sqlalche.me/e/20/f405)
2026-07-05 16:16:18.031 | ERROR   | app.middleware.logging:dispatch:33 | Request failed | GET /categories | error=(psycopg2.errors.GroupingError) column "seo_metadata_1.meta_title" must appear in the GROUP BY clause or be used in an aggregate function
LINE 1: ...tatus, count(calculators.id) AS calculator_count, seo_metada...
                                                             ^

[SQL: SELECT categories.parent_id AS categories_parent_id, categories.name AS categories_name, categories.slug AS categories_slug, categories.description AS categories_description, categories.icon AS categories_icon, categories.color_hex AS categories_color_hex, categories.seo_metadata_id AS categories_seo_metadata_id, categories.is_active AS categories_is_active, categories.id AS categories_id, categories.created_at AS categories_created_at, categories.updated_at AS categories_updated_at, categories.deleted_at AS categories_deleted_at, categories.sort_order AS categories_sort_order, categories.status AS categories_status, count(calculators.id) AS calculator_count, seo_metadata_1.meta_title AS seo_metadata_1_meta_title, seo_metadata_1.meta_description AS seo_metadata_1_meta_description, seo_metadata_1.meta_keywords AS seo_metadata_1_meta_keywords, seo_metadata_1.canonical_url AS seo_metadata_1_canonical_url, seo_metadata_1.og_title AS seo_metadata_1_og_title, seo_metadata_1.og_description AS seo_metadata_1_og_description, seo_metadata_1.og_image_url AS seo_metadata_1_og_image_url, seo_metadata_1.og_type AS seo_metadata_1_og_type, seo_metadata_1.twitter_card AS seo_metadata_1_twitter_card, seo_metadata_1.twitter_title AS seo_metadata_1_twitter_title, seo_metadata_1.twitter_description AS seo_metadata_1_twitter_description, seo_metadata_1.twitter_image_url AS seo_metadata_1_twitter_image_url, seo_metadata_1.json_ld AS seo_metadata_1_json_ld, seo_metadata_1.faq_schema AS seo_metadata_1_faq_schema, seo_metadata_1.breadcrumb_schema AS seo_metadata_1_breadcrumb_schema, seo_metadata_1.robots AS seo_metadata_1_robots, seo_metadata_1.sitemap_priority AS seo_metadata_1_sitemap_priority, seo_metadata_1.sitemap_changefreq AS seo_metadata_1_sitemap_changefreq, seo_metadata_1.nofollow AS seo_metadata_1_nofollow, seo_metadata_1.noindex AS seo_metadata_1_noindex, seo_metadata_1.id AS seo_metadata_1_id, seo_metadata_1.created_at AS seo_metadata_1_created_at, seo_metadata_1.updated_at AS seo_metadata_1_updated_at 
FROM categories LEFT OUTER JOIN calculators ON calculators.category_id = categories.id LEFT OUTER JOIN seo_metadata AS seo_metadata_1 ON seo_metadata_1.id = categories.seo_metadata_id 
WHERE categories.deleted_at IS NULL AND categories.is_active = true AND calculators.deleted_at IS NULL AND calculators.is_published = true GROUP BY categories.id ORDER BY categories.sort_order ASC, categories.name ASC 
 LIMIT %(param_1)s OFFSET %(param_2)s]
[parameters: {'param_1': 50, 'param_2': 0}]
(Background on this error at: https://sqlalche.me/e/20/f405) | time=0.011s | id=d00dc92a-cb00-48c5-9204-520e245c79dc
2026-07-05 16:16:18.036 | ERROR   | app.main:general_exception_handler:123 | Unhandled exception: (psycopg2.errors.GroupingError) column "seo_metadata_1.meta_title" must appear in the GROUP BY clause or be used in an aggregate function
LINE 1: ...tatus, count(calculators.id) AS calculator_count, seo_metada...
                                                             ^

[SQL: SELECT categories.parent_id AS categories_parent_id, categories.name AS categories_name, categories.slug AS categories_slug, categories.description AS categories_description, categories.icon AS categories_icon, categories.color_hex AS categories_color_hex, categories.seo_metadata_id AS categories_seo_metadata_id, categories.is_active AS categories_is_active, categories.id AS categories_id, categories.created_at AS categories_created_at, categories.updated_at AS categories_updated_at, categories.deleted_at AS categories_deleted_at, categories.sort_order AS categories_sort_order, categories.status AS categories_status, count(calculators.id) AS calculator_count, seo_metadata_1.meta_title AS seo_metadata_1_meta_title, seo_metadata_1.meta_description AS seo_metadata_1_meta_description, seo_metadata_1.meta_keywords AS seo_metadata_1_meta_keywords, seo_metadata_1.canonical_url AS seo_metadata_1_canonical_url, seo_metadata_1.og_title AS seo_metadata_1_og_title, seo_metadata_1.og_description AS seo_metadata_1_og_description, seo_metadata_1.og_image_url AS seo_metadata_1_og_image_url, seo_metadata_1.og_type AS seo_metadata_1_og_type, seo_metadata_1.twitter_card AS seo_metadata_1_twitter_card, seo_metadata_1.twitter_title AS seo_metadata_1_twitter_title, seo_metadata_1.twitter_description AS seo_metadata_1_twitter_description, seo_metadata_1.twitter_image_url AS seo_metadata_1_twitter_image_url, seo_metadata_1.json_ld AS seo_metadata_1_json_ld, seo_metadata_1.faq_schema AS seo_metadata_1_faq_schema, seo_metadata_1.breadcrumb_schema AS seo_metadata_1_breadcrumb_schema, seo_metadata_1.robots AS seo_metadata_1_robots, seo_metadata_1.sitemap_priority AS seo_metadata_1_sitemap_priority, seo_metadata_1.sitemap_changefreq AS seo_metadata_1_sitemap_changefreq, seo_metadata_1.nofollow AS seo_metadata_1_nofollow, seo_metadata_1.noindex AS seo_metadata_1_noindex, seo_metadata_1.id AS seo_metadata_1_id, seo_metadata_1.created_at AS seo_metadata_1_created_at, seo_metadata_1.updated_at AS seo_metadata_1_updated_at 
FROM categories LEFT OUTER JOIN calculators ON calculators.category_id = categories.id LEFT OUTER JOIN seo_metadata AS seo_metadata_1 ON seo_metadata_1.id = categories.seo_metadata_id 
WHERE categories.deleted_at IS NULL AND categories.is_active = true AND calculators.deleted_at IS NULL AND calculators.is_published = true GROUP BY categories.id ORDER BY categories.sort_order ASC, categories.name ASC 
 LIMIT %(param_1)s OFFSET %(param_2)s]
[parameters: {'param_1': 50, 'param_2': 0}]
(Background on this error at: https://sqlalche.me/e/20/f405)
2026-07-05 16:27:24.149 | ERROR   | app.middleware.logging:dispatch:33 | Request failed | GET /categories | error=(psycopg2.errors.GroupingError) column "seo_metadata_1.meta_title" must appear in the GROUP BY clause or be used in an aggregate function
LINE 1: ...tatus, count(calculators.id) AS calculator_count, seo_metada...
                                                             ^

[SQL: SELECT categories.parent_id AS categories_parent_id, categories.name AS categories_name, categories.slug AS categories_slug, categories.description AS categories_description, categories.icon AS categories_icon, categories.color_hex AS categories_color_hex, categories.seo_metadata_id AS categories_seo_metadata_id, categories.is_active AS categories_is_active, categories.id AS categories_id, categories.created_at AS categories_created_at, categories.updated_at AS categories_updated_at, categories.deleted_at AS categories_deleted_at, categories.sort_order AS categories_sort_order, categories.status AS categories_status, count(calculators.id) AS calculator_count, seo_metadata_1.meta_title AS seo_metadata_1_meta_title, seo_metadata_1.meta_description AS seo_metadata_1_meta_description, seo_metadata_1.meta_keywords AS seo_metadata_1_meta_keywords, seo_metadata_1.canonical_url AS seo_metadata_1_canonical_url, seo_metadata_1.og_title AS seo_metadata_1_og_title, seo_metadata_1.og_description AS seo_metadata_1_og_description, seo_metadata_1.og_image_url AS seo_metadata_1_og_image_url, seo_metadata_1.og_type AS seo_metadata_1_og_type, seo_metadata_1.twitter_card AS seo_metadata_1_twitter_card, seo_metadata_1.twitter_title AS seo_metadata_1_twitter_title, seo_metadata_1.twitter_description AS seo_metadata_1_twitter_description, seo_metadata_1.twitter_image_url AS seo_metadata_1_twitter_image_url, seo_metadata_1.json_ld AS seo_metadata_1_json_ld, seo_metadata_1.faq_schema AS seo_metadata_1_faq_schema, seo_metadata_1.breadcrumb_schema AS seo_metadata_1_breadcrumb_schema, seo_metadata_1.robots AS seo_metadata_1_robots, seo_metadata_1.sitemap_priority AS seo_metadata_1_sitemap_priority, seo_metadata_1.sitemap_changefreq AS seo_metadata_1_sitemap_changefreq, seo_metadata_1.nofollow AS seo_metadata_1_nofollow, seo_metadata_1.noindex AS seo_metadata_1_noindex, seo_metadata_1.id AS seo_metadata_1_id, seo_metadata_1.created_at AS seo_metadata_1_created_at, seo_metadata_1.updated_at AS seo_metadata_1_updated_at 
FROM categories LEFT OUTER JOIN calculators ON calculators.category_id = categories.id LEFT OUTER JOIN seo_metadata AS seo_metadata_1 ON seo_metadata_1.id = categories.seo_metadata_id 
WHERE categories.deleted_at IS NULL AND categories.is_active = true AND calculators.deleted_at IS NULL AND calculators.is_published = true GROUP BY categories.id ORDER BY categories.sort_order ASC, categories.name ASC 
 LIMIT %(param_1)s OFFSET %(param_2)s]
[parameters: {'param_1': 50, 'param_2': 0}]
(Background on this error at: https://sqlalche.me/e/20/f405) | time=0.069s | id=5d2a1fd3-e850-453e-a6f6-ce9330c6e03a
2026-07-05 16:27:24.170 | ERROR   | app.main:general_exception_handler:123 | Unhandled exception: (psycopg2.errors.GroupingError) column "seo_metadata_1.meta_title" must appear in the GROUP BY clause or be used in an aggregate function
LINE 1: ...tatus, count(calculators.id) AS calculator_count, seo_metada...
                                                             ^

[SQL: SELECT categories.parent_id AS categories_parent_id, categories.name AS categories_name, categories.slug AS categories_slug, categories.description AS categories_description, categories.icon AS categories_icon, categories.color_hex AS categories_color_hex, categories.seo_metadata_id AS categories_seo_metadata_id, categories.is_active AS categories_is_active, categories.id AS categories_id, categories.created_at AS categories_created_at, categories.updated_at AS categories_updated_at, categories.deleted_at AS categories_deleted_at, categories.sort_order AS categories_sort_order, categories.status AS categories_status, count(calculators.id) AS calculator_count, seo_metadata_1.meta_title AS seo_metadata_1_meta_title, seo_metadata_1.meta_description AS seo_metadata_1_meta_description, seo_metadata_1.meta_keywords AS seo_metadata_1_meta_keywords, seo_metadata_1.canonical_url AS seo_metadata_1_canonical_url, seo_metadata_1.og_title AS seo_metadata_1_og_title, seo_metadata_1.og_description AS seo_metadata_1_og_description, seo_metadata_1.og_image_url AS seo_metadata_1_og_image_url, seo_metadata_1.og_type AS seo_metadata_1_og_type, seo_metadata_1.twitter_card AS seo_metadata_1_twitter_card, seo_metadata_1.twitter_title AS seo_metadata_1_twitter_title, seo_metadata_1.twitter_description AS seo_metadata_1_twitter_description, seo_metadata_1.twitter_image_url AS seo_metadata_1_twitter_image_url, seo_metadata_1.json_ld AS seo_metadata_1_json_ld, seo_metadata_1.faq_schema AS seo_metadata_1_faq_schema, seo_metadata_1.breadcrumb_schema AS seo_metadata_1_breadcrumb_schema, seo_metadata_1.robots AS seo_metadata_1_robots, seo_metadata_1.sitemap_priority AS seo_metadata_1_sitemap_priority, seo_metadata_1.sitemap_changefreq AS seo_metadata_1_sitemap_changefreq, seo_metadata_1.nofollow AS seo_metadata_1_nofollow, seo_metadata_1.noindex AS seo_metadata_1_noindex, seo_metadata_1.id AS seo_metadata_1_id, seo_metadata_1.created_at AS seo_metadata_1_created_at, seo_metadata_1.updated_at AS seo_metadata_1_updated_at 
FROM categories LEFT OUTER JOIN calculators ON calculators.category_id = categories.id LEFT OUTER JOIN seo_metadata AS seo_metadata_1 ON seo_metadata_1.id = categories.seo_metadata_id 
WHERE categories.deleted_at IS NULL AND categories.is_active = true AND calculators.deleted_at IS NULL AND calculators.is_published = true GROUP BY categories.id ORDER BY categories.sort_order ASC, categories.name ASC 
 LIMIT %(param_1)s OFFSET %(param_2)s]
[parameters: {'param_1': 50, 'param_2': 0}]
(Background on this error at: https://sqlalche.me/e/20/f405)
2026-07-05 16:27:25.203 | ERROR   | app.middleware.logging:dispatch:33 | Request failed | GET /categories | error=(psycopg2.errors.GroupingError) column "seo_metadata_1.meta_title" must appear in the GROUP BY clause or be used in an aggregate function
LINE 1: ...tatus, count(calculators.id) AS calculator_count, seo_metada...
                                                             ^

[SQL: SELECT categories.parent_id AS categories_parent_id, categories.name AS categories_name, categories.slug AS categories_slug, categories.description AS categories_description, categories.icon AS categories_icon, categories.color_hex AS categories_color_hex, categories.seo_metadata_id AS categories_seo_metadata_id, categories.is_active AS categories_is_active, categories.id AS categories_id, categories.created_at AS categories_created_at, categories.updated_at AS categories_updated_at, categories.deleted_at AS categories_deleted_at, categories.sort_order AS categories_sort_order, categories.status AS categories_status, count(calculators.id) AS calculator_count, seo_metadata_1.meta_title AS seo_metadata_1_meta_title, seo_metadata_1.meta_description AS seo_metadata_1_meta_description, seo_metadata_1.meta_keywords AS seo_metadata_1_meta_keywords, seo_metadata_1.canonical_url AS seo_metadata_1_canonical_url, seo_metadata_1.og_title AS seo_metadata_1_og_title, seo_metadata_1.og_description AS seo_metadata_1_og_description, seo_metadata_1.og_image_url AS seo_metadata_1_og_image_url, seo_metadata_1.og_type AS seo_metadata_1_og_type, seo_metadata_1.twitter_card AS seo_metadata_1_twitter_card, seo_metadata_1.twitter_title AS seo_metadata_1_twitter_title, seo_metadata_1.twitter_description AS seo_metadata_1_twitter_description, seo_metadata_1.twitter_image_url AS seo_metadata_1_twitter_image_url, seo_metadata_1.json_ld AS seo_metadata_1_json_ld, seo_metadata_1.faq_schema AS seo_metadata_1_faq_schema, seo_metadata_1.breadcrumb_schema AS seo_metadata_1_breadcrumb_schema, seo_metadata_1.robots AS seo_metadata_1_robots, seo_metadata_1.sitemap_priority AS seo_metadata_1_sitemap_priority, seo_metadata_1.sitemap_changefreq AS seo_metadata_1_sitemap_changefreq, seo_metadata_1.nofollow AS seo_metadata_1_nofollow, seo_metadata_1.noindex AS seo_metadata_1_noindex, seo_metadata_1.id AS seo_metadata_1_id, seo_metadata_1.created_at AS seo_metadata_1_created_at, seo_metadata_1.updated_at AS seo_metadata_1_updated_at 
FROM categories LEFT OUTER JOIN calculators ON calculators.category_id = categories.id LEFT OUTER JOIN seo_metadata AS seo_metadata_1 ON seo_metadata_1.id = categories.seo_metadata_id 
WHERE categories.deleted_at IS NULL AND categories.is_active = true AND calculators.deleted_at IS NULL AND calculators.is_published = true GROUP BY categories.id ORDER BY categories.sort_order ASC, categories.name ASC 
 LIMIT %(param_1)s OFFSET %(param_2)s]
[parameters: {'param_1': 50, 'param_2': 0}]
(Background on this error at: https://sqlalche.me/e/20/f405) | time=0.014s | id=e75729d0-b5cd-4a73-bd12-b7d38eca5f8c
2026-07-05 16:27:25.207 | ERROR   | app.main:general_exception_handler:123 | Unhandled exception: (psycopg2.errors.GroupingError) column "seo_metadata_1.meta_title" must appear in the GROUP BY clause or be used in an aggregate function
LINE 1: ...tatus, count(calculators.id) AS calculator_count, seo_metada...
                                                             ^

[SQL: SELECT categories.parent_id AS categories_parent_id, categories.name AS categories_name, categories.slug AS categories_slug, categories.description AS categories_description, categories.icon AS categories_icon, categories.color_hex AS categories_color_hex, categories.seo_metadata_id AS categories_seo_metadata_id, categories.is_active AS categories_is_active, categories.id AS categories_id, categories.created_at AS categories_created_at, categories.updated_at AS categories_updated_at, categories.deleted_at AS categories_deleted_at, categories.sort_order AS categories_sort_order, categories.status AS categories_status, count(calculators.id) AS calculator_count, seo_metadata_1.meta_title AS seo_metadata_1_meta_title, seo_metadata_1.meta_description AS seo_metadata_1_meta_description, seo_metadata_1.meta_keywords AS seo_metadata_1_meta_keywords, seo_metadata_1.canonical_url AS seo_metadata_1_canonical_url, seo_metadata_1.og_title AS seo_metadata_1_og_title, seo_metadata_1.og_description AS seo_metadata_1_og_description, seo_metadata_1.og_image_url AS seo_metadata_1_og_image_url, seo_metadata_1.og_type AS seo_metadata_1_og_type, seo_metadata_1.twitter_card AS seo_metadata_1_twitter_card, seo_metadata_1.twitter_title AS seo_metadata_1_twitter_title, seo_metadata_1.twitter_description AS seo_metadata_1_twitter_description, seo_metadata_1.twitter_image_url AS seo_metadata_1_twitter_image_url, seo_metadata_1.json_ld AS seo_metadata_1_json_ld, seo_metadata_1.faq_schema AS seo_metadata_1_faq_schema, seo_metadata_1.breadcrumb_schema AS seo_metadata_1_breadcrumb_schema, seo_metadata_1.robots AS seo_metadata_1_robots, seo_metadata_1.sitemap_priority AS seo_metadata_1_sitemap_priority, seo_metadata_1.sitemap_changefreq AS seo_metadata_1_sitemap_changefreq, seo_metadata_1.nofollow AS seo_metadata_1_nofollow, seo_metadata_1.noindex AS seo_metadata_1_noindex, seo_metadata_1.id AS seo_metadata_1_id, seo_metadata_1.created_at AS seo_metadata_1_created_at, seo_metadata_1.updated_at AS seo_metadata_1_updated_at 
FROM categories LEFT OUTER JOIN calculators ON calculators.category_id = categories.id LEFT OUTER JOIN seo_metadata AS seo_metadata_1 ON seo_metadata_1.id = categories.seo_metadata_id 
WHERE categories.deleted_at IS NULL AND categories.is_active = true AND calculators.deleted_at IS NULL AND calculators.is_published = true GROUP BY categories.id ORDER BY categories.sort_order ASC, categories.name ASC 
 LIMIT %(param_1)s OFFSET %(param_2)s]
[parameters: {'param_1': 50, 'param_2': 0}]
(Background on this error at: https://sqlalche.me/e/20/f405)
2026-07-05 16:27:27.241 | ERROR   | app.middleware.logging:dispatch:33 | Request failed | GET /categories | error=(psycopg2.errors.GroupingError) column "seo_metadata_1.meta_title" must appear in the GROUP BY clause or be used in an aggregate function
LINE 1: ...tatus, count(calculators.id) AS calculator_count, seo_metada...
                                                             ^

[SQL: SELECT categories.parent_id AS categories_parent_id, categories.name AS categories_name, categories.slug AS categories_slug, categories.description AS categories_description, categories.icon AS categories_icon, categories.color_hex AS categories_color_hex, categories.seo_metadata_id AS categories_seo_metadata_id, categories.is_active AS categories_is_active, categories.id AS categories_id, categories.created_at AS categories_created_at, categories.updated_at AS categories_updated_at, categories.deleted_at AS categories_deleted_at, categories.sort_order AS categories_sort_order, categories.status AS categories_status, count(calculators.id) AS calculator_count, seo_metadata_1.meta_title AS seo_metadata_1_meta_title, seo_metadata_1.meta_description AS seo_metadata_1_meta_description, seo_metadata_1.meta_keywords AS seo_metadata_1_meta_keywords, seo_metadata_1.canonical_url AS seo_metadata_1_canonical_url, seo_metadata_1.og_title AS seo_metadata_1_og_title, seo_metadata_1.og_description AS seo_metadata_1_og_description, seo_metadata_1.og_image_url AS seo_metadata_1_og_image_url, seo_metadata_1.og_type AS seo_metadata_1_og_type, seo_metadata_1.twitter_card AS seo_metadata_1_twitter_card, seo_metadata_1.twitter_title AS seo_metadata_1_twitter_title, seo_metadata_1.twitter_description AS seo_metadata_1_twitter_description, seo_metadata_1.twitter_image_url AS seo_metadata_1_twitter_image_url, seo_metadata_1.json_ld AS seo_metadata_1_json_ld, seo_metadata_1.faq_schema AS seo_metadata_1_faq_schema, seo_metadata_1.breadcrumb_schema AS seo_metadata_1_breadcrumb_schema, seo_metadata_1.robots AS seo_metadata_1_robots, seo_metadata_1.sitemap_priority AS seo_metadata_1_sitemap_priority, seo_metadata_1.sitemap_changefreq AS seo_metadata_1_sitemap_changefreq, seo_metadata_1.nofollow AS seo_metadata_1_nofollow, seo_metadata_1.noindex AS seo_metadata_1_noindex, seo_metadata_1.id AS seo_metadata_1_id, seo_metadata_1.created_at AS seo_metadata_1_created_at, seo_metadata_1.updated_at AS seo_metadata_1_updated_at 
FROM categories LEFT OUTER JOIN calculators ON calculators.category_id = categories.id LEFT OUTER JOIN seo_metadata AS seo_metadata_1 ON seo_metadata_1.id = categories.seo_metadata_id 
WHERE categories.deleted_at IS NULL AND categories.is_active = true AND calculators.deleted_at IS NULL AND calculators.is_published = true GROUP BY categories.id ORDER BY categories.sort_order ASC, categories.name ASC 
 LIMIT %(param_1)s OFFSET %(param_2)s]
[parameters: {'param_1': 50, 'param_2': 0}]
(Background on this error at: https://sqlalche.me/e/20/f405) | time=0.018s | id=99265a48-d7ff-4830-bbb5-fba3eeb6f090
2026-07-05 16:27:27.245 | ERROR   | app.main:general_exception_handler:123 | Unhandled exception: (psycopg2.errors.GroupingError) column "seo_metadata_1.meta_title" must appear in the GROUP BY clause or be used in an aggregate function
LINE 1: ...tatus, count(calculators.id) AS calculator_count, seo_metada...
                                                             ^

[SQL: SELECT categories.parent_id AS categories_parent_id, categories.name AS categories_name, categories.slug AS categories_slug, categories.description AS categories_description, categories.icon AS categories_icon, categories.color_hex AS categories_color_hex, categories.seo_metadata_id AS categories_seo_metadata_id, categories.is_active AS categories_is_active, categories.id AS categories_id, categories.created_at AS categories_created_at, categories.updated_at AS categories_updated_at, categories.deleted_at AS categories_deleted_at, categories.sort_order AS categories_sort_order, categories.status AS categories_status, count(calculators.id) AS calculator_count, seo_metadata_1.meta_title AS seo_metadata_1_meta_title, seo_metadata_1.meta_description AS seo_metadata_1_meta_description, seo_metadata_1.meta_keywords AS seo_metadata_1_meta_keywords, seo_metadata_1.canonical_url AS seo_metadata_1_canonical_url, seo_metadata_1.og_title AS seo_metadata_1_og_title, seo_metadata_1.og_description AS seo_metadata_1_og_description, seo_metadata_1.og_image_url AS seo_metadata_1_og_image_url, seo_metadata_1.og_type AS seo_metadata_1_og_type, seo_metadata_1.twitter_card AS seo_metadata_1_twitter_card, seo_metadata_1.twitter_title AS seo_metadata_1_twitter_title, seo_metadata_1.twitter_description AS seo_metadata_1_twitter_description, seo_metadata_1.twitter_image_url AS seo_metadata_1_twitter_image_url, seo_metadata_1.json_ld AS seo_metadata_1_json_ld, seo_metadata_1.faq_schema AS seo_metadata_1_faq_schema, seo_metadata_1.breadcrumb_schema AS seo_metadata_1_breadcrumb_schema, seo_metadata_1.robots AS seo_metadata_1_robots, seo_metadata_1.sitemap_priority AS seo_metadata_1_sitemap_priority, seo_metadata_1.sitemap_changefreq AS seo_metadata_1_sitemap_changefreq, seo_metadata_1.nofollow AS seo_metadata_1_nofollow, seo_metadata_1.noindex AS seo_metadata_1_noindex, seo_metadata_1.id AS seo_metadata_1_id, seo_metadata_1.created_at AS seo_metadata_1_created_at, seo_metadata_1.updated_at AS seo_metadata_1_updated_at 
FROM categories LEFT OUTER JOIN calculators ON calculators.category_id = categories.id LEFT OUTER JOIN seo_metadata AS seo_metadata_1 ON seo_metadata_1.id = categories.seo_metadata_id 
WHERE categories.deleted_at IS NULL AND categories.is_active = true AND calculators.deleted_at IS NULL AND calculators.is_published = true GROUP BY categories.id ORDER BY categories.sort_order ASC, categories.name ASC 
 LIMIT %(param_1)s OFFSET %(param_2)s]
[parameters: {'param_1': 50, 'param_2': 0}]
(Background on this error at: https://sqlalche.me/e/20/f405)
